[RUN #0 100 10]
-110 722 -886 572 404 64 -96 538 -887 -717 -775 229 -549 -217 -595 -67 -63 349 -825 689 -136 133 494 -833 -576 -499 598 -987 630 455 -375 -923 169 562 -143 -9 -816 20 -478 960 -255 -201 888 614 -984 -593 -455 -252 -198 -562 531 650 -580 98 188 -406 -969 -676 758 -960 803 -128 -119 -417 126 -285 816 -47 723 -472 192 552 -652 954 -174 -104 225 -410 335 -337 -675 -874 -341 343 546 -644 -432 990 -65 -458 -127 -970 919 -857 -152 -278 -256 -947 -221 -945
716 -947 174 2 -539 -123 659 -455 -53 -595 -774 -743 -585 926 745 446 -858 960 -223 -446 136 -983 204 -670 -677 126 106 -639 -147 766 -946 -431 -175 861 79 -533 698 90 -868 -929 -290 214 810 172 308 -309 -789 -914 -817 -588 -118 779 176 -892 236 -801 -52 -699 116 237 -163 251 -95 -586 -964 215 301 -800 158 521 584 287 631 952 -210 386 -426 313 -452 686 -718 -870 -313 39 857 -292 805 -830 302 -841 -893 156 -811 -390 105 -215 -510 359 726 -421
-393 595 -630 392 146 727 867 -736 -34 -232 627 35 -145 420 23 98 620 527 624 805 -248 -902 592 127 -951 -701 -429 -878 -279 -57 -836 471 -80 -679 319 921 648 -198 401 982 -191 168 -26 693 -864 79 -423 -352 65 265 -634 -380 564 -785 -649 263 -721 -987 838 -35 -373 402 973 823 -555 208 -140 -413 945 171 -116 -492 37 -799 960 279 -433 -165 -300 -491 -362 974 -963 -949 -688 -711 -3 -509 326 566 -384 -430 302 34 315 -174 784 994 -656 961
-569 406 -484 -901 -946 503 -67 -47 -523 349 44 -507 -803 486 900 334 -306 -579 317 -615 -962 720 -280 -270 -504 -30 -984 107 -132 -671 635 674 651 157 848 800 -384 -972 649 -736 -266 -979 519 -244 160 33 -467 130 415 -92 -205 -158 -237 114 -320 -71 731 118 -281 22 808 -112 -508 566 -450 215 -933 823 -137 -886 247 814 -696 -917 -895 770 639 257 299 -964 612 -382 -750 -417 -34 -453 74 940 -439 569 183 912 206 484 -463 87 795 785 -546 430
50 -151 -940 790 -67 157 447 465 287 895 -193 -695 -315 -232 -582 -959 -445 -990 -848 -216 799 -978 861 782 -735 73 968 724 223 -492 960 720 562 869 -483 440 -580 503 -175 168 -694 -427 528 -658 856 208 -462 -509 -692 901 -873 -8 -438 571 396 -177 935 853 -244 849 491 16 636 12 127 -549 937 7 816 51 -381 83 -551 346 -827 591 322 -141 360 72 -116 646 936 -247 886 -511 -504 -95 -262 -666 356 288 159 280 -757 -888 -816 828 90 -392
331 878 -996 89 185 -763 786 345 282 114 -963 -314 341 950 942 -754 145 -248 -985 492 229 -550 -668 -110 -745 -721 -584 519 -59 -398 -713 -175 -296 579 648 -977 -976 813 -597 -950 79 -910 -907 -114 171 695 -650 633 -758 592 -96 -489 571 -342 947 -66 -435 -16 246 419 -61 352 12 986 -897 412 -491 -826 205 651 -118 438 -672 823 314 -989 -835 -706 -842 -46 -666 -185 729 -80 73 -300 -544 -737 -365 355 -410 -944 -117 -648 -642 -860 -29 104 707 -85
240 933 250 -268 97 -488 428 19 -76 -829 379 -563 -667 -688 -42 -642 -712 -944 757 -118 -398 24 336 0 180 -912 512 -156 742 -616 689 -245 349 -373 438 -141 -734 -390 930 279 182 -126 703 363 602 962 -241 -732 -895 109 746 32 81 961 -564 78 -717 812 957 -906 -618 -891 154 -290 384 544 -319 410 -689 -483 970 -768 -571 -207 -355 -89 -369 479 -498 242 698 -641 -851 191 -305 625 821 -256 -580 545 468 367 -587 -543 -941 -323 201 -480 405 -755
615 640 -938 -187 173 -227 351 494 990 112 -143 -159 154 -372 -754 -571 151 -386 680 117 251 -467 -403 -903 135 793 -546 167 -432 -742 -701 548 469 74 -726 -256 -724 -171 -825 -12 341 998 -5 347 -739 -632 -430 -622 -729 -651 -131 -65 396 -282 766 480 -626 -636 -585 -830 -994 663 267 -880 772 -250 405 158 329 595 576 661 734 -547 -195 -937 -941 870 732 -99 100 686 76 286 707 -285 -646 -407 914 -859 373 14 221 276 -45 -804 -854 -769 -917 306
[RUN #1 10 10]
529 228 -602 -107 706 -855 432 -785 579 367
-604 36 -15 713 620 -685 835 -23 279 731
-421 35 781 -439 660 -602 864 -886 -190 -956
685 -278 -399 -167 -847 159 705 697 637 -294
835 679 -422 216 966 34 592 -468 -418 901
924 681 326 329 300 494 -978 923 -349 -18
725 -187 801 996 -285 423 544 623 889 -370
-238 -279 -561 -967 649 60 -997 281 114 -149
-688 -801 -37 949 566 39 100 760 -996 -310
858 964 920 433 -215 514 234 690 -840 -518
[RUN #2 5 10]
463 523 527 9 343
-100 336 -483 -94 841
-709 897 -489 78 260
-663 -21 846 606 991
-992 -934 977 -37 -874
170 659 -886 -285 613
914 956 38 363 386
-169 836 -825 372 930
333 -209 696 -647 -403
-872 -325 645 -927 -133
[RUN #3 5 4]
436 -975 357 456 66
505 303 255 260 -950
732 -715 -721 -793 -455
-164 857 179 93 575
[RUN #4 5 4]
133 423 306 282 976
-362 -601 723 -635 782
563 322 316 600 145
-339 -972 94 -493 -475
[RUN #5 100 3]
-217 -584 -101 105 839 119 657 648 677 -280 474 -711 -624 -747 841 -683 -30 -985 -939 -319 -778 179 708 -836 -863 734 -287 916 -790 -951 -763 140 -114 981 -770 271 578 -131 855 -885 -308 254 877 498 586 -946 380 -969 797 -814 -48 738 -265 -891 -253 -418 -984 233 -369 659 53 236 810 468 280 -112 942 356 -539 426 386 696 -441 -898 -440 321 -902 -162 -350 -129 -645 -900 798 -106 78 959 227 394 385 287 -738 -971 -866 694 -70 622 -542 900 199 702
-231 562 -899 970 -937 375 466 -905 -348 537 626 740 932 -762 -581 887 162 411 -623 -132 -747 -171 677 134 714 71 0 947 506 114 715 354 660 32 -616 701 -652 -946 4 -506 322 998 -921 -174 -654 -540 205 117 -29 856 -55 505 949 -456 -416 -788 -39 499 -146 -708 850 883 391 482 -311 211 -976 -964 -856 75 906 700 -220 -686 88 531 880 -347 741 -232 -108 -509 -286 501 963 377 -608 641 217 892 264 458 994 -531 -376 -849 193 127 -142 -53
649 786 -696 -483 985 -359 673 -537 -531 -189 -871 777 765 -449 798 884 -388 -850 282 767 -361 -60 478 -698 345 320 -221 829 -89 -366 115 -4 -992 -892 -981 -173 301 293 -841 -517 450 -613 -541 309 22 812 -611 -728 -639 -903 927 -503 -468 -241 229 -337 -74 878 225 -482 628 -331 138 417 616 -937 75 -954 835 -184 -495 -746 -602 -123 -42 424 306 678 -731 380 -550 954 791 457 500 -988 -682 -252 -617 -699 -792 141 749 573 902 -122 344 -380 -124 -480
[RUN #6 10 3]
-307 837 527 536 -350 -92 -35 261 322 -589
-731 406 169 753 509 732 -900 244 849 175
-187 113 -483 193 822 -160 704 -237 -849 -795
[RUN #7 8 3]
-109 953 231 -170 -358 220 605 501
-944 -317 739 314 -977 609 -752 -307
498 -19 225 -185 262 -998 951 -362
[RUN #8 10 100]
-217 -497 995 -361 93 63 244 -993 -737 -369
92 -310 243 -841 853 -50 74 -142 -349 668
[RUN #9 11 100]
830 -120 -34 707 582 -285 829 229 508 472 384
-754 -501 -577 -447 -702 108 -923 200 69 -87 483
631 -302 -668 -356 468 -127 -893 -866 -603 741 625
-189 983 397 778 893 -56 -72 416 214 650 -782
-821 864 74 364 -771 -555 -349 -135 -618 -690 -54
824 -737 450 -677 2 -937 -564 -418 706 -954 -581
709 249 -140 576 699 209 523 266 136 208 797
-521 -888 -971 -397 854 550 -257 622 -740 687 -538
86 -325 -715 521 359 -162 342 -228 533 152 -894
-805 -829 877 848 -468 93 503 927 -7 787 -576
522 213 560 -485 758 694 672 951 -8 -380 210
-329 162 -853 646 -701 16 -339 722 711 255 663
-565 -432 556 -481 803 683 767 237 -225 99 984
543 858 -744 502 279 -813 488 -722 -260 25 327
627 -540 -76 300 -948 -903 323 -26 -278 -442 928
-797 119 -106 705 -401 724 277 -674 -194 342 984
-762 -254 -306 -411 836 745 -887 -856 265 -669 -493
143 323 376 -634 -606 976 -770 -42 584 500 6
-651 -405 734 -454 219 301 425 -878 -32 198 360
-790 554 22 699 -253 -437 -537 -220 -929 -192 -981
755 224 540 -932 499 677 -331 -804 -444 628 -505
-700 406 954 566 -231 -578 -682 860 -557 -163 740
709 488 902 -86 -626 731 728 -870 483 122 -634
275 -304 86 716 -110 -483 -786 -259 597 63 325
913 700 -248 -32 38 -132 -660 581 -491 -473 738
923 101 894 838 412 -735 -740 -455 18 -661 757
831 162 -33 -585 -188 -918 -531 793 -657 273 297
847 -812 570 156 -441 -992 370 135 -592 -282 780
-466 458 394 -714 910 -906 -95 44 787 782 -313
-756 775 970 324 770 -493 439 112 -912 -165 795
185 785 -607 -665 -286 633 -985 374 -42 -378 376
-64 373 825 134 574 723 897 -636 982 758 -428
964 -895 472 -812 -839 507 -689 -458 -964 740 91
-810 -290 562 -327 824 142 969 -730 773 -480 -605
-697 -448 -850 832 -3 -705 -427 289 499 -837 -721
-355 962 904 568 397 -174 341 296 -442 -926 -740
576 940 -682 652 -379 305 -964 814 952 165 19
-350 -967 682 -6 -461 65 75 -636 950 236 570
509 -166 -742 -204 110 888 -956 -323 857 444 -428
565 916 450 -848 360 629 -736 269 874 -486 228
738 727 -856 -189 33 881 -198 801 228 -711 -734
914 -746 -89 -836 -397 -810 917 -248 582 -756 -757
806 -687 -793 445 464 -621 -968 733 656 646 590
223 383 -678 638 -694 785 -663 820 414 -856 61
-783 -660 -980 478 721 -1 541 -198 -94 -261 -607
-134 860 555 496 -645 918 -432 -26 196 -108 -735
135 -578 661 577 -134 -810 -346 -906 640 -113 67
-161 -964 -359 -609 -905 589 518 190 -579 18 -984
949 -938 -875 827 -342 -309 90 203 -684 738 -572
638 -12 455 742 -574 251 175 -328 340 209 834
46 733 -436 360 -382 -4 85 913 597 -758 316
-71 435 432 867 -1 -830 37 180 241 909 -700
-320 482 130 870 289 7 527 -864 -530 291 782
-315 874 -26 707 -236 -843 -961 988 804 -16 -622
-459 985 -564 143 -425 484 486 -813 774 -725 295
614 -936 760 -792 -603 609 -702 913 -73 696 569
986 507 876 -796 999 228 537 -879 -956 555 217
-861 333 -904 -497 345 -208 60 -938 -847 -288 694
-221 69 -736 -417 775 447 -343 -690 494 81 -811
-178 -590 -948 -434 477 354 541 -60 -712 737 -691
800 -242 -755 -377 503 816 -334 784 -945 62 -725
726 -53 182 313 -471 346 707 -515 -528 -274 984
952 73 300 598 -963 -138 -726 -404 -984 -601 -767
187 410 -168 438 379 -618 -574 514 -530 -179 194
-432 -371 -631 -685 276 992 745 593 35 257 -22
857 -793 247 596 189 128 821 -127 -126 754 140
-174 405 791 -357 -665 -429 -362 840 826 635 732
640 -43 140 -519 992 -17 -990 -208 -142 691 362
-636 -961 -957 354 -655 608 151 -730 -233 41 -501
825 293 223 419 -287 -709 683 -410 20 228 649
-720 -530 -23 -496 201 211 -947 -44 703 -20 -221
-429 46 242 234 -297 -826 923 -372 -382 -491 -397
239 72 256 -63 -86 -978 -578 917 -249 508 -741
-800 564 -910 258 542 -979 825 -777 644 657 -403
-993 267 20 -455 665 688 -746 251 930 -666 926
826 -523 -141 335 133 724 -450 209 -348 818 -176
180 -751 -2 -427 592 980 625 -788 -197 -185 672
54 929 -567 184 367 -778 865 597 70 -174 295
-25 670 73 -396 -136 504 -192 232 488 805 5
266 849 -596 -623 -57 43 571 -174 273 -179 455
-599 -388 -915 645 -141 -408 111 129 813 778 788
-920 163 -825 172 895 -63 -164 -274 220 -941 297
-451 -298 414 815 690 -223 803 -539 -796 467 -452
98 -944 204 -419 248 -724 543 -675 627 540 410
-241 715 -268 -921 -62 -700 706 187 818 238 71
-53 312 -241 893 -533 903 326 -945 -26 -736 688
534 -893 -447 600 64 80 -129 183 601 -387 489
909 -484 352 505 -885 693 -513 757 98 -241 913
847 -104 -15 152 -250 -403 -258 267 940 -493 709
876 733 111 996 452 -925 408 616 784 -534 540
576 47 292 -641 -57 338 -348 535 -689 138 -34
-291 103 498 65 -165 -206 -430 182 -154 -167 -327
-995 -157 139 -428 -799 544 876 215 626 986 89
872 605 97 -137 198 -726 -12 -324 -383 -129 588
580 674 -200 -15 879 815 226 86 -957 286 775
10 797 -49 870 538 -229 198 -740 -648 163 -744
-468 -607 -465 971 68 -805 713 -355 -151 -324 -826
587 554 -620 -65 -771 -292 -141 237 747 -412 -638
338 254 488 -604 -352 855 -982 -143 -102 -938 85
121 168 -27 795 -373 -486 -149 878 408 -334 885
[RUN #10 10 100]
-527 414 275 -866 -513 -862 -270 -484 -96 595
[RUN #11 8 10]
-444 -228 124 327 507 282 -389 489
-359 341 344 238 672 877 213 534
904 -285 -735 -586 -846 226 4 61
-827 303 412 -741 111 902 268 -155
-576 356 148 6 -77 307 -381 -877
-721 229 -357 -38 770 -936 -241 774
-201 -982 -144 -241 175 550 -38 -431
-247 -511 -479 131 -401 419 435 -463
159 809 -50 -35 -471 -419 -887 96
-743 94 603 -288 -361 -944 -183 492
[RUN #12 7 10]
399 -206 -679 485 -647 840 166
674 481 -762 -315 -571 -15 900
378 541 285 -620 -574 -571 -178
753 758 -251 496 -159 -937 134
-925 -100 -438 -806 476 81 -737
-368 -439 -921 928 -895 26 965
-334 806 839 553 128 959 -511
375 594 881 -45 744 215 -344
900 449 -882 -861 281 -646 -812
364 715 -588 544 494 827 -582
[RUN #13 9 10]
238 829 329 -909 167 -241 -634 -757 983
-644 -875 -45 -339 -446 256 638 698 412
706 381 601 -197 328 -736 662 185 523
451 -919 -751 903 403 526 -598 -536 -960
-255 709 663 -945 29 -36 815 65 570
161 -606 -698 308 -266 64 453 -466 -430
119 -134 -985 560 683 -44 -212 637 741
[RUN #14 9 10]
-699 -156 -939 -215 -771 -504 613 -450 -878
